<?xml version="1.0" encoding="UTF-8"?>
<!-- Generated by org.testng.reporters.JUnitReportReporter -->
<testsuite hostname="DESKTOP-GEMNCNL" failures="0" tests="2" name="com.practicecode.Crossbrowsertesting" time="33.947" errors="0" timestamp="12 Jun 2022 16:37:42 GMT" skipped="0">
  <testcase classname="com.practicecode.Crossbrowsertesting" name="getbrowser" time="19.201"/>
  <testcase classname="com.practicecode.Crossbrowsertesting" name="getbrowser" time="14.746"/>
</testsuite> <!-- com.practicecode.Crossbrowsertesting -->
